21:35:38: Creating resource group General
21:35:38: Creating resource group Internal
21:35:38: Creating resource group Autodetect
21:35:38: SceneManagerFactory for type 'DefaultSceneManager' registered.
21:35:38: Registering ResourceManager for type Material
21:35:38: Registering ResourceManager for type Mesh
21:35:38: Registering ResourceManager for type Skeleton
21:35:38: MovableObjectFactory for type 'ParticleSystem' registered.
21:35:38: OverlayElementFactory for type Panel registered.
21:35:38: OverlayElementFactory for type BorderPanel registered.
21:35:38: OverlayElementFactory for type TextArea registered.
21:35:38: Registering ResourceManager for type Font
21:35:38: ArchiveFactory for archive type FileSystem registered.
21:35:38: ArchiveFactory for archive type Zip registered.
21:35:38: DDS codec registering
21:35:38: FreeImage version: 3.13.1
21:35:38: This program uses FreeImage, a free, open source image library supporting all common bitmap formats. See http://freeimage.sourceforge.net for details
21:35:38: Supported formats: bmp,ico,jpg,jif,jpeg,jpe,jng,koa,iff,lbm,mng,pbm,pbm,pcd,pcx,pgm,pgm,png,ppm,ppm,ras,tga,targa,tif,tiff,wap,wbmp,wbm,psd,cut,xbm,xpm,gif,hdr,g3,sgi,exr,j2k,j2c,jp2,pfm,pct,pict,pic,bay,bmq,cr2,crw,cs1,dc2,dcr,dng,erf,fff,hdr,k25,kdc,mdc,mos,mrw,nef,orf,pef,pxn,raf,raw,rdc,sr2,srf,arw,3fr,cine,ia,kc2,mef,nrw,qtk,rw2,sti,drf,dsc,ptx,cap,iiq,rwz
21:35:38: PVRTC codec registering
21:35:38: Registering ResourceManager for type HighLevelGpuProgram
21:35:38: Registering ResourceManager for type Compositor
21:35:38: MovableObjectFactory for type 'Entity' registered.
21:35:38: MovableObjectFactory for type 'Light' registered.
21:35:38: MovableObjectFactory for type 'BillboardSet' registered.
21:35:38: MovableObjectFactory for type 'ManualObject' registered.
21:35:38: MovableObjectFactory for type 'BillboardChain' registered.
21:35:38: MovableObjectFactory for type 'RibbonTrail' registered.
21:35:38: Loading library .\RenderSystem_Direct3D9
21:35:38: Installing plugin: D3D9 RenderSystem
21:35:38: D3D9 : Direct3D9 Rendering Subsystem created.
21:35:38: D3D9: Driver Detection Starts
21:35:38: D3D9: Driver Detection Ends
21:35:38: Plugin successfully installed
21:35:38: Loading library .\RenderSystem_GL
21:35:39: Installing plugin: GL RenderSystem
21:35:39: OpenGL Rendering Subsystem created.
21:35:39: Plugin successfully installed
21:35:39: Loading library .\Plugin_OctreeSceneManager
21:35:39: Installing plugin: Octree & Terrain Scene Manager
21:35:39: Plugin successfully installed
21:35:39: *-*-* OGRE Initialising
21:35:39: *-*-* Version 1.7.1 (Cthugha)
21:35:39: D3D9 : RenderSystem Option: Allow NVPerfHUD = No
21:35:39: D3D9 : RenderSystem Option: FSAA = 0
21:35:39: D3D9 : RenderSystem Option: Floating-point mode = Fastest
21:35:39: D3D9 : RenderSystem Option: Full Screen = No
21:35:39: D3D9 : RenderSystem Option: Rendering Device = Monitor-1-NVIDIA Quadro M5000
21:35:39: D3D9 : RenderSystem Option: Resource Creation Policy = Create on all devices
21:35:39: D3D9 : RenderSystem Option: VSync = No
21:35:39: D3D9 : RenderSystem Option: VSync Interval = 1
21:35:39: D3D9 : RenderSystem Option: Video Mode = 800 x 600 @ 32-bit colour
21:35:39: D3D9 : RenderSystem Option: sRGB Gamma Conversion = No
21:35:41: CPU Identifier & Features
21:35:41: -------------------------
21:35:41:  *   CPU ID: GenuineIntel: Intel(R) Xeon(R) CPU E5-1650 v4 @ 3.60GHz
21:35:41:  *      SSE: yes
21:35:41:  *     SSE2: yes
21:35:41:  *     SSE3: yes
21:35:41:  *      MMX: yes
21:35:41:  *   MMXEXT: yes
21:35:41:  *    3DNOW: no
21:35:41:  * 3DNOWEXT: no
21:35:41:  *     CMOV: yes
21:35:41:  *      TSC: yes
21:35:41:  *      FPU: yes
21:35:41:  *      PRO: yes
21:35:41:  *       HT: no
21:35:41: -------------------------
21:35:41: D3D9 : Subsystem Initialising
21:35:41: Registering ResourceManager for type Texture
21:35:41: Registering ResourceManager for type GpuProgram
21:35:41: D3D9RenderSystem::_createRenderWindow "TutorialApplication Render Window", 800x600 windowed  miscParams: FSAA=0 FSAAHint= colourDepth=32 gamma=false monitorIndex=0 useNVPerfHUD=false vsync=false vsyncInterval=1 
21:35:41: D3D9 : Created D3D9 Rendering Window 'TutorialApplication Render Window' : 800x600, 32bpp
21:35:41: D3D9 : WARNING - disabling VSync in windowed mode can cause timing issues at lower frame rates, turn VSync on if you observe this problem.
21:35:41: D3D9: Vertex texture format supported - PF_A8R8G8B8
21:35:41: D3D9: Vertex texture format supported - PF_B8G8R8A8
21:35:41: D3D9: Vertex texture format supported - PF_FLOAT16_RGB
21:35:41: D3D9: Vertex texture format supported - PF_FLOAT16_RGBA
21:35:41: D3D9: Vertex texture format supported - PF_FLOAT32_RGB
21:35:41: D3D9: Vertex texture format supported - PF_FLOAT32_RGBA
21:35:41: D3D9: Vertex texture format supported - PF_R8G8B8A8
21:35:41: D3D9: Vertex texture format supported - PF_DEPTH
21:35:41: D3D9: Vertex texture format supported - PF_FLOAT16_R
21:35:41: D3D9: Vertex texture format supported - PF_FLOAT32_R
21:35:41: D3D9: Vertex texture format supported - PF_FLOAT16_GR
21:35:41: D3D9: Vertex texture format supported - PF_FLOAT32_GR
21:35:41: D3D9: Vertex texture format supported - PF_PVRTC_RGB2
21:35:41: D3D9: Vertex texture format supported - PF_PVRTC_RGBA2
21:35:41: D3D9: Vertex texture format supported - PF_PVRTC_RGB4
21:35:41: D3D9: Vertex texture format supported - PF_PVRTC_RGBA4
21:35:41: RenderSystem capabilities
21:35:41: -------------------------
21:35:41: RenderSystem Name: Direct3D9 Rendering Subsystem
21:35:41: GPU Vendor: nvidia
21:35:41: Device Name: Monitor-1-NVIDIA Quadro M5000
21:35:41: Driver Version: 10.18.13.5390
21:35:41:  * Fixed function pipeline: yes
21:35:41:  * Hardware generation of mipmaps: yes
21:35:41:  * Texture blending: yes
21:35:41:  * Anisotropic texture filtering: yes
21:35:41:  * Dot product texture operation: yes
21:35:41:  * Cube mapping: yes
21:35:41:  * Hardware stencil buffer: yes
21:35:41:    - Stencil depth: 8
21:35:41:    - Two sided stencil support: yes
21:35:41:    - Wrap stencil values: yes
21:35:41:  * Hardware vertex / index buffers: yes
21:35:41:  * Vertex programs: yes
21:35:41:  * Number of floating-point constants for vertex programs: 256
21:35:41:  * Number of integer constants for vertex programs: 16
21:35:41:  * Number of boolean constants for vertex programs: 16
21:35:41:  * Fragment programs: yes
21:35:41:  * Number of floating-point constants for fragment programs: 224
21:35:41:  * Number of integer constants for fragment programs: 16
21:35:41:  * Number of boolean constants for fragment programs: 16
21:35:41:  * Geometry programs: no
21:35:41:  * Number of floating-point constants for geometry programs: 0
21:35:41:  * Number of integer constants for geometry programs: 0
21:35:41:  * Number of boolean constants for geometry programs: 0
21:35:41:  * Supported Shader Profiles: hlsl ps_1_1 ps_1_2 ps_1_3 ps_1_4 ps_2_0 ps_2_a ps_2_b ps_2_x ps_3_0 vs_1_1 vs_2_0 vs_2_a vs_2_x vs_3_0
21:35:41:  * Texture Compression: yes
21:35:41:    - DXT: yes
21:35:41:    - VTC: no
21:35:41:    - PVRTC: no
21:35:41:  * Scissor Rectangle: yes
21:35:41:  * Hardware Occlusion Query: yes
21:35:41:  * User clip planes: yes
21:35:41:  * VET_UBYTE4 vertex element type: yes
21:35:41:  * Infinite far plane projection: yes
21:35:41:  * Hardware render-to-texture: yes
21:35:41:  * Floating point textures: yes
21:35:41:  * Non-power-of-two textures: yes
21:35:41:  * Volume textures: yes
21:35:41:  * Multiple Render Targets: 4
21:35:41:    - With different bit depths: yes
21:35:41:  * Point Sprites: yes
21:35:41:  * Extended point parameters: yes
21:35:41:  * Max Point Size: 10
21:35:41:  * Vertex texture fetch: yes
21:35:41:  * Number of world matrices: 0
21:35:41:  * Number of texture units: 8
21:35:41:  * Stencil buffer depth: 8
21:35:41:  * Number of vertex blend matrices: 0
21:35:41:    - Max vertex textures: 4
21:35:41:    - Vertex textures shared: no
21:35:41:  * Render to Vertex Buffer : no
21:35:41:  * DirectX per stage constants: yes
21:35:41: ***************************************
21:35:41: *** D3D9 : Subsystem Initialised OK ***
21:35:41: ***************************************
21:35:41: DefaultWorkQueue('Root') initialising on thread main.
21:35:41: Particle Renderer Type 'billboard' registered
21:35:41: SceneManagerFactory for type 'OctreeSceneManager' registered.
21:35:41: SceneManagerFactory for type 'TerrainSceneManager' registered.
21:35:41: Creating resource group Bootstrap
21:35:41: Added resource location '../../Media/packs/OgreCore.zip' of type 'Zip' to resource group 'Bootstrap'
21:35:41: Added resource location '../../Media' of type 'FileSystem' to resource group 'General'
21:35:41: Added resource location '../../Media/fonts' of type 'FileSystem' to resource group 'General'
21:35:41: Added resource location '../../Media/materials/programs' of type 'FileSystem' to resource group 'General'
21:35:42: Added resource location '../../Media/materials/scripts' of type 'FileSystem' to resource group 'General'
21:35:42: Added resource location '../../Media/materials/textures' of type 'FileSystem' to resource group 'General'
21:35:42: Added resource location '../../Media/models' of type 'FileSystem' to resource group 'General'
21:35:42: Added resource location '../../Media/packs/cubemap.zip' of type 'Zip' to resource group 'General'
21:35:42: Added resource location '../../Media/packs/skybox.zip' of type 'Zip' to resource group 'General'
21:35:42: Parsing scripts for resource group Autodetect
21:35:42: Finished parsing scripts for resource group Autodetect
21:35:42: Parsing scripts for resource group Bootstrap
21:35:42: Parsing script OgreCore.material
21:35:42: Parsing script OgreProfiler.material
21:35:42: Parsing script Ogre.fontdef
21:35:42: Parsing script OgreDebugPanel.overlay
21:35:42: Texture: New_Ogre_Border_Center.png: Loading 1 faces(PF_A8R8G8B8,256x128x1) with  hardware generated mipmaps from Image. Internal format is PF_A8R8G8B8,256x128x1.
21:35:42: Texture: New_Ogre_Border.png: Loading 1 faces(PF_A8R8G8B8,256x256x1) with  hardware generated mipmaps from Image. Internal format is PF_A8R8G8B8,256x256x1.
21:35:42: Texture: New_Ogre_Border_Break.png: Loading 1 faces(PF_A8R8G8B8,32x32x1) with  hardware generated mipmaps from Image. Internal format is PF_A8R8G8B8,32x32x1.
21:35:42: Texture: ogretext.png: Loading 1 faces(PF_A8R8G8B8,256x128x1) with  hardware generated mipmaps from Image. Internal format is PF_A8R8G8B8,256x128x1.
21:35:42: Parsing script OgreLoadingPanel.overlay
21:35:42: Finished parsing scripts for resource group Bootstrap
21:35:42: Parsing scripts for resource group General
21:35:42: Parsing script Ground.material
21:35:42: Parsing script BatteredRobot.material
21:35:42: Parsing script shaderMaterial.material
21:35:42: OGRE EXCEPTION(6:FileNotFoundException): Cannot locate resource vertexShader.hlsl in resource group General or any other group. in ResourceGroupManager::openResource at ..\..\ogre\OgreMain\src\OgreResourceGroupManager.cpp (line 753)
21:35:42: High-level program vertexTest encountered an error during loading and is thus not supported.
OGRE EXCEPTION(6:FileNotFoundException): Cannot locate resource vertexShader.hlsl in resource group General or any other group. in ResourceGroupManager::openResource at ..\..\ogre\OgreMain\src\OgreResourceGroupManager.cpp (line 753)
21:35:42: OGRE EXCEPTION(6:FileNotFoundException): Cannot locate resource fragmentShader.hlsl in resource group General or any other group. in ResourceGroupManager::openResource at ..\..\ogre\OgreMain\src\OgreResourceGroupManager.cpp (line 753)
21:35:42: High-level program fragmentTest encountered an error during loading and is thus not supported.
OGRE EXCEPTION(6:FileNotFoundException): Cannot locate resource fragmentShader.hlsl in resource group General or any other group. in ResourceGroupManager::openResource at ..\..\ogre\OgreMain\src\OgreResourceGroupManager.cpp (line 753)
21:35:42: Parsing script blue.material
21:35:42: Parsing script GameInterface.material
21:35:42: Parsing script Example.material
21:35:42: Compiler error: reference to a non existing object in Example.material(211)
21:35:42: Compiler error: reference to a non existing object in Example.material(697)
21:35:42: Compiler error: reference to a non existing object in Example.material(709)
21:35:42: Compiler error: reference to a non existing object in Example.material(844)
21:35:42: Compiler error: reference to a non existing object in Example.material(879)
21:35:42: Compiler error: reference to a non existing object in Example.material(987)
21:35:42: Compiler error: reference to a non existing object in Example.material(992)
21:35:42: Parsing script Fire.material
21:35:42: Parsing script red.material
21:35:42: Parsing script Heart.material
21:35:42: Parsing script WallMat2.material
21:35:42: Parsing script 3BarFence.material
21:35:42: Parsing script RainbowSphere.material
21:35:42: Parsing script Sky.material
21:35:42: Parsing script WallMat.material
21:35:43: Parsing script Main.material
21:35:43: Parsing script Gem.material
21:35:43: Parsing script GlassOfBeer.material
21:35:43: Parsing script BombDropperGun.material
21:35:43: Parsing script CannonGun.material
21:35:43: Parsing script Bomb.material
21:35:43: Parsing script Sphere.material
21:35:43: Parsing script PowerCells.material
21:35:43: Parsing script 3BarFence.material
21:35:43: Parsing script boletus.material
21:35:43: Parsing script GameInterface.overlay
21:35:43: Texture: RedGradient.png: Loading 1 faces(PF_A8R8G8B8,944x704x1) with 5 generated mipmaps from Image. Internal format is PF_A8R8G8B8,944x704x1.
21:35:43: Texture: BlueGradient.png: Loading 1 faces(PF_A8R8G8B8,944x704x1) with 5 generated mipmaps from Image. Internal format is PF_A8R8G8B8,944x704x1.
21:35:43: Finished parsing scripts for resource group General
21:35:43: Parsing scripts for resource group Internal
21:35:43: Finished parsing scripts for resource group Internal
21:35:43: Mesh: Loading PowerCells.mesh.
21:35:43: Texture: rainbowoil.jpg: Loading 1 faces(PF_R8G8B8,1024x768x1) with 5 generated mipmaps from Image. Internal format is PF_X8R8G8B8,1024x768x1.
21:35:43: Mesh: Loading Main.mesh.
21:35:44: Texture: blackoil.jpg: Loading 1 faces(PF_R8G8B8,3264x2448x1) with 5 generated mipmaps from Image. Internal format is PF_X8R8G8B8,3264x2448x1.
21:35:45: Mesh: Loading Sphere.mesh.
21:35:45: Mesh: Loading 3BarFence.mesh.
21:35:45: WARNING: 3BarFence.mesh is an older format ([MeshSerializer_v1.30]); you should upgrade it as soon as possible using the OgreMeshUpgrade tool.
21:35:45: Texture: finpine.jpg: Loading 1 faces(PF_R8G8B8,256x256x1) with  hardware generated mipmaps from Image. Internal format is PF_X8R8G8B8,256x256x1.
21:35:45: Texture: clouds.jpg: Loading 1 faces(PF_R8G8B8,256x256x1) with  hardware generated mipmaps from Image. Internal format is PF_X8R8G8B8,256x256x1.
21:35:45: Texture: Dirt.jpg: Loading 1 faces(PF_R8G8B8,256x256x1) with  hardware generated mipmaps from Image. Internal format is PF_X8R8G8B8,256x256x1.
21:35:45: Mesh: Loading Gem.mesh.
21:35:45: Texture: OrangeWall.jpg: Loading 1 faces(PF_R8G8B8,1000x1000x1) with 5 generated mipmaps from Image. Internal format is PF_X8R8G8B8,1000x1000x1.
21:35:45: Texture: BlueWall.jpg: Loading 1 faces(PF_R8G8B8,1000x1000x1) with 5 generated mipmaps from Image. Internal format is PF_X8R8G8B8,1000x1000x1.
21:35:45: Mesh: Loading heart.mesh.
21:35:45: Can't assign material 01-Default to SubEntity of Ogre/MO16 because this Material does not exist. Have you forgotten to define it in a .material script?
21:35:45: Can't assign material 01-Default to SubEntity of Ogre/MO17 because this Material does not exist. Have you forgotten to define it in a .material script?
21:35:45: Can't assign material 01-Default to SubEntity of Ogre/MO18 because this Material does not exist. Have you forgotten to define it in a .material script?
21:35:45: Mesh: Loading boletus.mesh.
21:35:45: WARNING: boletus.mesh is an older format ([MeshSerializer_v1.30]); you should upgrade it as soon as possible using the OgreMeshUpgrade tool.
21:35:45: Texture: GRIB.jpg: Loading 1 faces(PF_R8G8B8,512x512x1) with  hardware generated mipmaps from Image. Internal format is PF_X8R8G8B8,512x512x1.
21:35:45: Mesh: Loading GlassOfBeer.mesh.
21:35:45: WARNING: GlassOfBeer.mesh is an older format ([MeshSerializer_v1.30]); you should upgrade it as soon as possible using the OgreMeshUpgrade tool.
21:35:45: Texture: beerfroth.jpg: Loading 1 faces(PF_R8G8B8,256x256x1) with  hardware generated mipmaps from Image. Internal format is PF_X8R8G8B8,256x256x1.
21:35:45: Can't assign material GlassOfBeer/beer2 to SubEntity of Ogre/MO20 because this Material does not exist. Have you forgotten to define it in a .material script?
21:35:45: Texture: beer_bottle1a.png: Loading 1 faces(PF_A8R8G8B8,128x512x1) with  hardware generated mipmaps from Image. Internal format is PF_A8R8G8B8,128x512x1.
21:35:45: Texture: glass_48hob.tga: Loading 1 faces(PF_A8R8G8B8,256x256x1) with  hardware generated mipmaps from Image. Internal format is PF_A8R8G8B8,256x256x1.
21:35:45: Texture: beer2.jpg: Loading 1 faces(PF_R8G8B8,256x256x1) with  hardware generated mipmaps from Image. Internal format is PF_X8R8G8B8,256x256x1.
21:35:45: Mesh: Loading Heart.mesh.
21:35:45: Can't assign material 01-Default to SubEntity of Ogre/MO21 because this Material does not exist. Have you forgotten to define it in a .material script?
21:35:46: *** Initializing OIS ***
21:35:46: Texture: spot_shadow_fade.png: Loading 1 faces(PF_R8G8B8,128x128x1) with  hardware generated mipmaps from Image. Internal format is PF_X8R8G8B8,128x128x1.
21:35:46: Font BlueHighwayusing texture size 512x512
21:35:46: Info: Freetype returned null for character 127 in font BlueHighway
21:35:46: Info: Freetype returned null for character 128 in font BlueHighway
21:35:46: Info: Freetype returned null for character 129 in font BlueHighway
21:35:46: Info: Freetype returned null for character 130 in font BlueHighway
21:35:46: Info: Freetype returned null for character 131 in font BlueHighway
21:35:46: Info: Freetype returned null for character 132 in font BlueHighway
21:35:46: Info: Freetype returned null for character 133 in font BlueHighway
21:35:46: Info: Freetype returned null for character 134 in font BlueHighway
21:35:46: Info: Freetype returned null for character 135 in font BlueHighway
21:35:46: Info: Freetype returned null for character 136 in font BlueHighway
21:35:46: Info: Freetype returned null for character 137 in font BlueHighway
21:35:46: Info: Freetype returned null for character 138 in font BlueHighway
21:35:46: Info: Freetype returned null for character 139 in font BlueHighway
21:35:46: Info: Freetype returned null for character 140 in font BlueHighway
21:35:46: Info: Freetype returned null for character 141 in font BlueHighway
21:35:46: Info: Freetype returned null for character 142 in font BlueHighway
21:35:46: Info: Freetype returned null for character 143 in font BlueHighway
21:35:46: Info: Freetype returned null for character 144 in font BlueHighway
21:35:46: Info: Freetype returned null for character 145 in font BlueHighway
21:35:46: Info: Freetype returned null for character 146 in font BlueHighway
21:35:46: Info: Freetype returned null for character 147 in font BlueHighway
21:35:46: Info: Freetype returned null for character 148 in font BlueHighway
21:35:46: Info: Freetype returned null for character 149 in font BlueHighway
21:35:46: Info: Freetype returned null for character 150 in font BlueHighway
21:35:46: Info: Freetype returned null for character 151 in font BlueHighway
21:35:46: Info: Freetype returned null for character 152 in font BlueHighway
21:35:46: Info: Freetype returned null for character 153 in font BlueHighway
21:35:46: Info: Freetype returned null for character 154 in font BlueHighway
21:35:46: Info: Freetype returned null for character 155 in font BlueHighway
21:35:46: Info: Freetype returned null for character 156 in font BlueHighway
21:35:46: Info: Freetype returned null for character 157 in font BlueHighway
21:35:46: Info: Freetype returned null for character 158 in font BlueHighway
21:35:46: Info: Freetype returned null for character 159 in font BlueHighway
21:35:46: Info: Freetype returned null for character 160 in font BlueHighway
21:35:46: Texture: BlueHighwayTexture: Loading 1 faces(PF_BYTE_LA,512x512x1) with 0 generated mipmaps from Image. Internal format is PF_BYTE_LA,512x512x1.
21:35:50: Can't assign material 01-Default to SubEntity of Ogre/MO22 because this Material does not exist. Have you forgotten to define it in a .material script?
21:36:00: Can't assign material 01-Default to SubEntity of Ogre/MO23 because this Material does not exist. Have you forgotten to define it in a .material script?
21:36:06: Mesh: Loading CannonGun.mesh.
21:36:09: DefaultWorkQueue('Root') shutting down on thread main.
21:36:09: *-*-* OGRE Shutdown
21:36:09: Unregistering ResourceManager for type Compositor
21:36:09: Unregistering ResourceManager for type Font
21:36:09: Unregistering ResourceManager for type Skeleton
21:36:09: Unregistering ResourceManager for type Mesh
21:36:09: Unregistering ResourceManager for type HighLevelGpuProgram
21:36:09: Uninstalling plugin: Octree & Terrain Scene Manager
21:36:09: Plugin successfully uninstalled
21:36:09: Unloading library .\Plugin_OctreeSceneManager
21:36:09: Uninstalling plugin: GL RenderSystem
21:36:09: *** Stopping Win32GL Subsystem ***
21:36:09: Plugin successfully uninstalled
21:36:09: Unloading library .\RenderSystem_GL
21:36:09: Uninstalling plugin: D3D9 RenderSystem
21:36:09: D3D9 : Shutting down cleanly.
21:36:09: Unregistering ResourceManager for type Texture
21:36:09: Unregistering ResourceManager for type GpuProgram
21:36:09: D3D9 : Direct3D9 Rendering Subsystem destroyed.
21:36:09: Plugin successfully uninstalled
21:36:09: Unloading library .\RenderSystem_Direct3D9
21:36:09: Unregistering ResourceManager for type Material
